<?xml version="1.0" encoding="UTF-8"?>
<testng-results ignored="0" total="1" passed="1" failed="0" skipped="0">
  <reporter-output>
  </reporter-output>
  <suite started-at="2021-08-10T21:19:14Z" name="Default suite" finished-at="2021-08-10T21:19:39Z" duration-ms="25006">
    <groups>
    </groups>
    <test started-at="2021-08-10T21:19:14Z" name="Default test" finished-at="2021-08-10T21:19:39Z" duration-ms="25006">
      <class name="main.main">
        <test-method signature="buildingTestMethod()[pri:0, instance:main.main@4efac082]" started-at="2021-08-10T21:19:14Z" name="buildingTestMethod" finished-at="2021-08-10T21:19:39Z" duration-ms="24968" status="PASS">
          <reporter-output>
          </reporter-output>
        </test-method> <!-- buildingTestMethod -->
      </class> <!-- main.main -->
    </test> <!-- Default test -->
  </suite> <!-- Default suite -->
</testng-results>
